<?xml version="1.0" encoding="UTF-8"?>
<testsuite name="MainKtTest" tests="3" skipped="0" failures="0" errors="0" timestamp="2022-05-18T16:42:30" hostname="MSI" time="0.024">
  <properties/>
  <testcase name="should_ReturnMinus1_When_HaveWrongListValue()" classname="MainKtTest" time="0.022"/>
  <testcase name="should_ReturnMinus1_When_ItemHaveMoreThanOneCharacter()" classname="MainKtTest" time="0.001"/>
  <testcase name="should_ReturnCorrectPercentage_When_HaveCorrectInput()" classname="MainKtTest" time="0.0"/>
  <system-out><![CDATA[]]></system-out>
  <system-err><![CDATA[]]></system-err>
</testsuite>
