<?xml version="1.0" encoding="UTF-8"?>
<testsuite name="MainKtTest" tests="3" skipped="0" failures="0" errors="0" timestamp="2022-05-20T13:33:05" hostname="MSI" time="0.031">
  <properties/>
  <testcase name="should_ReturnMinus1_When_ReturnNull()" classname="MainKtTest" time="0.021"/>
  <testcase name="should_ReturnMinus1_When_HaveWrongListValue()" classname="MainKtTest" time="0.008"/>
  <testcase name="should_ReturnCorrectPercentage_When_HaveCorrectInput()" classname="MainKtTest" time="0.001"/>
  <system-out><![CDATA[]]></system-out>
  <system-err><![CDATA[]]></system-err>
</testsuite>
